2026-03-10 INFO User logged in
2026-03-10 ERROR Database connection failed
2026-03-10 INFO File uploaded
2026-03-10 WARNING Disk space low
2026-03-10 ERROR Payment failed
2026-03-10 INFO Profile updated
2026-03-10 INFO Session started
2026-03-10 ERROR Null pointer exception
2026-03-10 WARNING CPU usage high
2026-03-10 INFO Report generated
2026-03-10 INFO Email sent
2026-03-10 ERROR Timeout occurred
2026-03-10 WARNING Memory threshold reached
2026-03-10 INFO User logged out
2026-03-10 INFO Backup completed
2026-03-10 ERROR Service unavailable
2026-03-10 INFO Data synced
2026-03-10 ERROR File not found
2026-03-10 INFO Cache cleared
2026-03-10 WARNING Disk space low
2026-03-10 INFO New user registered
2026-03-10 ERROR Authentication failed
2026-03-10 INFO Password changed
2026-03-10 WARNING Network latency high
2026-03-10 INFO Task scheduled